Start testing: Dec 20 15:47 CST
----------------------------------------------------------
1/1 Testing: SearchTest.TestCleanToken
1/1 Test: SearchTest.TestCleanToken
Command: "/Users/uvaishbakaliya/Desktop/Mini-Search-Engine/build/tests" "--gtest_filter=SearchTest.TestCleanToken" "--gtest_also_run_disabled_tests"
Directory: /Users/uvaishbakaliya/Desktop/Mini-Search-Engine/build
"SearchTest.TestCleanToken" start time: Dec 20 15:47 CST
Output:
----------------------------------------------------------
Running main() from /Users/uvaishbakaliya/Desktop/Mini-Search-Engine/build/_deps/googletest-src/googletest/src/gtest_main.cc
Note: Google Test filter = SearchTest.TestCleanToken
[==========] Running 1 test from 1 test suite.
[----------] Global test environment set-up.
[----------] 1 test from SearchTest
[ RUN      ] SearchTest.TestCleanToken
/Users/uvaishbakaliya/Desktop/Mini-Search-Engine/tests.cpp:7: Failure
Expected equality of these values:
  "hello"
  cleanToken("Hello, World!")
    Which is: "hello, world"
/Users/uvaishbakaliya/Desktop/Mini-Search-Engine/tests.cpp:9: Failure
Expected equality of these values:
  "hello"
  cleanToken("Hello, World! 123")
    Which is: "hello, world! 123"
[  FAILED  ] SearchTest.TestCleanToken (0 ms)
[----------] 1 test from SearchTest (0 ms total)

[----------] Global test environment tear-down
[==========] 1 test from 1 test suite ran. (0 ms total)
[  PASSED  ] 0 tests.
[  FAILED  ] 1 test, listed below:
[  FAILED  ] SearchTest.TestCleanToken

 1 FAILED TEST
<end of output>
Test time =   0.00 sec
----------------------------------------------------------
Test Failed.
"SearchTest.TestCleanToken" end time: Dec 20 15:47 CST
"SearchTest.TestCleanToken" time elapsed: 00:00:00
----------------------------------------------------------

End testing: Dec 20 15:47 CST
