<?xml version="1.0" encoding="UTF-8"?>
<Site BuildName="(empty)"
	BuildStamp="20221220-2146-Experimental"
	Name="(empty)"
	Generator="ctest-3.24.2"
	CompilerName=""
	CompilerVersion=""
	OSName="macOS"
	Hostname="Uvaishs-MacBook-Air.local"
	OSRelease="13.1"
	OSVersion="22C65"
	OSPlatform="arm64"
	Is64Bits="1"
	VendorString="IBM"
	VendorID="IBM"
	FamilyID="16777228"
	ModelID="2"
	ProcessorCacheSize="131072"
	NumberOfLogicalCPU="8"
	NumberOfPhysicalCPU="8"
	TotalVirtualMemory="1024"
	TotalPhysicalMemory="8192"
	LogicalProcessorsPerPhysical="8"
	ProcessorClockFrequency="0"
	>
	<Testing>
		<StartDateTime>Dec 20 15:47 CST</StartDateTime>
		<StartTestTime>1671572830</StartTestTime>
		<TestList>
			<Test>./SearchTest.TestCleanToken</Test>
		</TestList>
		<Test Status="failed">
			<Name>SearchTest.TestCleanToken</Name>
			<Path>.</Path>
			<FullName>./SearchTest.TestCleanToken</FullName>
			<FullCommandLine>/Users/uvaishbakaliya/Desktop/Mini-Search-Engine/build/tests "--gtest_filter=SearchTest.TestCleanToken" "--gtest_also_run_disabled_tests"</FullCommandLine>
			<Results>
				<NamedMeasurement type="text/string" name="Exit Code">
					<Value>Failed</Value>
				</NamedMeasurement>
				<NamedMeasurement type="text/string" name="Exit Value">
					<Value>1</Value>
				</NamedMeasurement>
				<NamedMeasurement type="numeric/double" name="Execution Time">
					<Value>0.00292308</Value>
				</NamedMeasurement>
				<NamedMeasurement type="numeric/double" name="Processors">
					<Value>1</Value>
				</NamedMeasurement>
				<NamedMeasurement type="text/string" name="Completion Status">
					<Value>Completed</Value>
				</NamedMeasurement>
				<NamedMeasurement type="text/string" name="Command Line">
					<Value>/Users/uvaishbakaliya/Desktop/Mini-Search-Engine/build/tests "--gtest_filter=SearchTest.TestCleanToken" "--gtest_also_run_disabled_tests"</Value>
				</NamedMeasurement>
				<NamedMeasurement type="text/string" name="Environment">
					<Value>#CTEST_RESOURCE_GROUP_COUNT=</Value>
				</NamedMeasurement>
				<Measurement>
					<Value encoding="base64" compression="gzip">eJytUk1vwjAMvedXeD2BRFvYDtMqcUCjsEkbmiiIA0IotKaNCEmXpLD9+zUUMUAaYtp8iOz42X7+GBZCMJHCmjJRq8NSyTX4Y41K+8WGMp0t6Ipy9kn9LuqVkbn/ygRzI6QqztxQpEygvygYT/x5grn2UylTjga1cbWKj0x/Z1ptbot5cUwG0mAA/R0ERqUHlowbVNCGqoD98+zzyJGKkVyhINP2QWYw3NNvgdmFW/p7XRfMoEem7kFm0OdyQXnlR7FhSoo1ihKLxi3yM/Bxzm86ZArD8QB2MrtA89dDtMW0F+d5cB9AjzJeKCThR46xwQTwvSgzmE+QSzAZaoQN5QXqgAA4GXIunVKLD/VrzpP9bMBEKp7cOHViCU8yFmfAdLCPacDWup2/sH34f7bQur27zLiClLuAXuf5Jexe3AXUmrDW9Wu2W0HBSEN5nVx3PKaMdhO5PTvNn04SFBXeaZ2yjbdOFFVtNKGa7WlzVYYGcKbtgBfI5Ta4sn9CyvA9bhRGI/IFY65Kug==</Value>
				</Measurement>
			</Results>
		</Test>
		<EndDateTime>Dec 20 15:47 CST</EndDateTime>
		<EndTestTime>1671572830</EndTestTime>
		<ElapsedMinutes>0</ElapsedMinutes>
	</Testing>
</Site>
